TN:
SF:src\modules\appointments\services\CreateAppointmentService.ts
FN:35,__awaiter
FN:35,adopt
FN:35,fulfilled
FN:35,rejected
FN:35,step
FN:35,__generator
FN:35,sent
FN:35,g.<computed>
FN:35,verb
FN:35,step
FN:35,__importDefault
FN:13,CreateAppointmentService
FN:15,CreateAppointmentService.execute
FNF:13
FNH:11
FNDA:3,__awaiter
FNDA:5,adopt
FNDA:5,fulfilled
FNDA:0,rejected
FNDA:7,step
FNDA:3,__generator
FNDA:5,sent
FNDA:0,g.<computed>
FNDA:9,verb
FNDA:8,step
FNDA:1,__importDefault
FNDA:2,CreateAppointmentService
FNDA:3,CreateAppointmentService.execute
DA:1,1
DA:2,1
DA:3,1
DA:4,1
DA:5,1
DA:6,1
DA:7,1
DA:8,1
DA:9,1
DA:10,1
DA:11,1
DA:12,1
DA:13,1
DA:14,1
DA:15,1
DA:16,3
DA:17,3
DA:18,3
DA:19,3
DA:20,3
DA:21,3
DA:22,3
DA:23,1
DA:24,1
DA:25,2
DA:26,2
DA:27,2
DA:28,2
DA:29,2
DA:30,3
DA:31,3
DA:32,3
DA:33,1
DA:34,1
DA:35,1
LF:35
LH:35
BRDA:35,0,0,1
BRDA:35,1,0,3
BRDA:35,2,0,5
BRDA:35,3,0,0
BRDA:35,4,0,3
BRDA:35,5,0,5
BRDA:35,6,0,4
BRDA:35,7,0,1
BRDA:35,8,0,7
BRDA:35,9,0,2
BRDA:35,10,0,5
BRDA:35,11,0,3
BRDA:35,12,0,5
BRDA:35,13,0,0
BRDA:35,14,0,9
BRDA:35,15,0,8
BRDA:35,16,0,8
BRDA:35,17,0,0
BRDA:35,18,0,16
BRDA:35,19,0,0
BRDA:35,20,0,0
BRDA:35,21,0,0
BRDA:35,22,0,0
BRDA:35,23,0,8
BRDA:35,24,0,8
BRDA:35,25,0,5
BRDA:35,26,0,0
BRDA:35,27,0,0
BRDA:35,28,0,3
BRDA:35,29,0,0
BRDA:35,30,0,2
BRDA:35,31,0,0
BRDA:35,32,0,0
BRDA:35,33,0,0
BRDA:35,34,0,0
BRDA:35,35,0,8
BRDA:35,36,0,7
BRDA:35,37,0,1
BRDA:35,38,0,8
BRDA:35,39,0,3
BRDA:35,40,0,1
BRDA:35,41,0,2
BRDA:35,42,0,0
BRDA:35,43,0,1
BRDA:35,44,0,0
BRDA:12,45,0,1
BRDA:13,46,0,2
BRDA:15,47,0,3
BRDA:35,48,0,3
BRDA:35,49,0,8
BRDA:35,50,0,3
BRDA:35,51,0,3
BRDA:22,52,0,1
BRDA:24,53,0,2
BRDA:35,54,0,2
BRF:55
BRH:39
end_of_record
TN:
SF:src\modules\users\services\AuthenticateUserService.ts
FN:49,__awaiter
FN:49,adopt
FN:49,fulfilled
FN:49,rejected
FN:49,step
FN:49,__generator
FN:49,sent
FN:49,g.<computed>
FN:49,verb
FN:49,step
FN:49,__importDefault
FN:20,AuthenticateUserService
FN:22,AuthenticateUserService.execute
FNF:13
FNH:11
FNDA:3,__awaiter
FNDA:5,adopt
FNDA:4,fulfilled
FNDA:0,rejected
FNDA:6,step
FNDA:3,__generator
FNDA:4,sent
FNDA:0,g.<computed>
FNDA:9,verb
FNDA:7,step
FNDA:2,__importDefault
FNDA:3,AuthenticateUserService
FNDA:3,AuthenticateUserService.execute
DA:1,1
DA:2,1
DA:3,1
DA:4,1
DA:5,1
DA:6,1
DA:7,1
DA:8,1
DA:9,1
DA:10,1
DA:11,1
DA:12,1
DA:13,1
DA:14,1
DA:15,1
DA:16,1
DA:17,1
DA:18,1
DA:19,1
DA:20,1
DA:21,1
DA:22,1
DA:23,3
DA:24,3
DA:25,3
DA:26,1
DA:27,1
DA:28,2
DA:29,2
DA:30,3
DA:31,3
DA:32,0
DA:33,0
DA:34,3
DA:35,3
DA:36,3
DA:37,3
DA:38,3
DA:39,3
DA:40,3
DA:41,3
DA:42,3
DA:43,3
DA:44,3
DA:45,3
DA:46,3
DA:47,1
DA:48,1
DA:49,1
LF:49
LH:47
BRDA:49,0,0,1
BRDA:49,1,0,3
BRDA:49,2,0,5
BRDA:49,3,0,0
BRDA:49,4,0,3
BRDA:49,5,0,4
BRDA:49,6,0,3
BRDA:49,7,0,1
BRDA:49,8,0,6
BRDA:49,9,0,1
BRDA:49,10,0,5
BRDA:49,11,0,3
BRDA:49,12,0,4
BRDA:49,13,0,0
BRDA:49,14,0,9
BRDA:49,15,0,7
BRDA:49,16,0,7
BRDA:49,17,0,0
BRDA:49,18,0,14
BRDA:49,19,0,0
BRDA:49,20,0,0
BRDA:49,21,0,0
BRDA:49,22,0,0
BRDA:49,23,0,7
BRDA:49,24,0,7
BRDA:49,25,0,5
BRDA:49,26,0,0
BRDA:49,27,0,0
BRDA:49,28,0,2
BRDA:49,29,0,0
BRDA:49,30,0,1
BRDA:49,31,0,0
BRDA:49,32,0,0
BRDA:49,33,0,0
BRDA:49,34,0,0
BRDA:49,35,0,7
BRDA:49,36,0,6
BRDA:49,37,0,1
BRDA:49,38,0,7
BRDA:49,39,0,2
BRDA:49,40,0,1
BRDA:49,41,0,0
BRDA:49,42,0,2
BRDA:49,43,0,0
BRDA:19,44,0,1
BRDA:20,45,0,3
BRDA:22,46,0,3
BRDA:49,47,0,3
BRDA:49,48,0,7
BRDA:23,49,0,3
BRDA:49,50,0,3
BRDA:25,51,0,1
BRDA:27,52,0,2
BRDA:49,53,0,1
BRDA:31,54,0,0
BRF:55
BRH:38
end_of_record
TN:
SF:src\modules\users\services\CreateUserService.ts
FN:35,__awaiter
FN:35,adopt
FN:35,fulfilled
FN:35,rejected
FN:35,step
FN:35,__generator
FN:35,sent
FN:35,g.<computed>
FN:35,verb
FN:35,step
FN:35,__importDefault
FN:14,CreateUserService
FN:16,CreateUserService.execute
FNF:13
FNH:11
FNDA:5,__awaiter
FNDA:13,adopt
FNDA:13,fulfilled
FNDA:0,rejected
FNDA:17,step
FNDA:5,__generator
FNDA:13,sent
FNDA:0,g.<computed>
FNDA:15,verb
FNDA:18,step
FNDA:2,__importDefault
FNDA:4,CreateUserService
FNDA:5,CreateUserService.execute
DA:1,1
DA:2,1
DA:3,1
DA:4,1
DA:5,1
DA:6,1
DA:7,1
DA:8,1
DA:9,1
DA:10,1
DA:11,1
DA:12,1
DA:13,2
DA:14,2
DA:15,2
DA:16,2
DA:17,5
DA:18,5
DA:19,5
DA:20,1
DA:21,1
DA:22,4
DA:23,4
DA:24,5
DA:25,5
DA:26,5
DA:27,5
DA:28,5
DA:29,5
DA:30,5
DA:31,5
DA:32,5
DA:33,2
DA:34,1
DA:35,1
LF:35
LH:35
BRDA:35,0,0,2
BRDA:35,1,0,5
BRDA:35,2,0,13
BRDA:35,3,0,0
BRDA:35,4,0,5
BRDA:35,5,0,13
BRDA:35,6,0,12
BRDA:35,7,0,1
BRDA:35,8,0,17
BRDA:35,9,0,4
BRDA:35,10,0,13
BRDA:35,11,0,5
BRDA:35,12,0,13
BRDA:35,13,0,0
BRDA:35,14,0,15
BRDA:35,15,0,18
BRDA:35,16,0,18
BRDA:35,17,0,0
BRDA:35,18,0,36
BRDA:35,19,0,0
BRDA:35,20,0,0
BRDA:35,21,0,0
BRDA:35,22,0,0
BRDA:35,23,0,18
BRDA:35,24,0,18
BRDA:35,25,0,13
BRDA:35,26,0,0
BRDA:35,27,0,0
BRDA:35,28,0,5
BRDA:35,29,0,0
BRDA:35,30,0,4
BRDA:35,31,0,0
BRDA:35,32,0,0
BRDA:35,33,0,0
BRDA:35,34,0,0
BRDA:35,35,0,28
BRDA:35,36,0,18
BRDA:35,37,0,17
BRDA:35,38,0,1
BRDA:35,39,0,18
BRDA:35,40,0,5
BRDA:35,41,0,1
BRDA:35,42,0,4
BRDA:35,43,0,0
BRDA:35,44,0,2
BRDA:35,45,0,0
BRDA:13,46,0,2
BRDA:14,47,0,4
BRDA:16,48,0,5
BRDA:35,49,0,5
BRDA:35,50,0,18
BRDA:17,51,0,5
BRDA:35,52,0,5
BRDA:19,53,0,1
BRDA:21,54,0,4
BRDA:35,55,0,4
BRDA:35,56,0,4
BRF:57
BRH:41
end_of_record
TN:
SF:src\modules\users\services\UpdateUserAvatarService.ts
FN:45,__decorate
FN:45,__metadata
FN:45,__param
FN:45,__awaiter
FN:45,adopt
FN:45,fulfilled
FN:45,rejected
FN:45,step
FN:45,__generator
FN:45,sent
FN:45,g.<computed>
FN:45,verb
FN:45,step
FN:45,__importDefault
FN:16,UpdateUserAvatarService
FN:24,UpdateUserAvatarService.execute
FNF:16
FNH:14
FNDA:1,__decorate
FNDA:1,__metadata
FNDA:2,__param
FNDA:4,__awaiter
FNDA:11,adopt
FNDA:11,fulfilled
FNDA:0,rejected
FNDA:14,step
FNDA:4,__generator
FNDA:11,sent
FNDA:0,g.<computed>
FNDA:12,verb
FNDA:15,step
FNDA:1,__importDefault
FNDA:3,UpdateUserAvatarService
FNDA:4,UpdateUserAvatarService.execute
DA:1,1
DA:2,1
DA:3,1
DA:4,1
DA:5,1
DA:6,1
DA:7,1
DA:8,1
DA:9,1
DA:10,1
DA:11,1
DA:12,1
DA:13,1
DA:14,1
DA:15,1
DA:16,1
DA:17,3
DA:18,3
DA:19,3
DA:20,3
DA:21,3
DA:22,3
DA:23,1
DA:24,1
DA:25,4
DA:26,4
DA:27,4
DA:28,1
DA:29,1
DA:30,3
DA:31,3
DA:32,1
DA:33,4
DA:34,4
DA:35,4
DA:36,4
DA:37,4
DA:38,4
DA:39,4
DA:40,4
DA:41,4
DA:42,4
DA:43,1
DA:44,1
DA:45,1
LF:45
LH:45
BRDA:45,0,0,1
BRDA:45,1,0,1
BRDA:45,2,0,0
BRDA:45,3,0,0
BRDA:45,4,0,0
BRDA:45,5,0,0
BRDA:45,6,0,1
BRDA:45,7,0,2
BRDA:45,8,0,2
BRDA:45,9,0,4
BRDA:45,10,0,11
BRDA:45,11,0,0
BRDA:45,12,0,4
BRDA:45,13,0,11
BRDA:45,14,0,10
BRDA:45,15,0,1
BRDA:45,16,0,14
BRDA:45,17,0,3
BRDA:45,18,0,11
BRDA:45,19,0,4
BRDA:45,20,0,11
BRDA:45,21,0,0
BRDA:45,22,0,12
BRDA:45,23,0,15
BRDA:45,24,0,15
BRDA:45,25,0,0
BRDA:45,26,0,32
BRDA:45,27,0,0
BRDA:45,28,0,0
BRDA:45,29,0,0
BRDA:45,30,0,0
BRDA:45,31,0,15
BRDA:45,32,0,15
BRDA:45,33,0,11
BRDA:45,34,0,0
BRDA:45,35,0,0
BRDA:45,36,0,6
BRDA:45,37,0,0
BRDA:45,38,0,5
BRDA:45,39,0,4
BRDA:45,40,0,2
BRDA:45,41,0,0
BRDA:45,42,0,2
BRDA:45,43,0,0
BRDA:45,44,0,0
BRDA:45,45,0,0
BRDA:45,46,0,17
BRDA:45,47,0,16
BRDA:45,48,0,1
BRDA:45,49,0,17
BRDA:45,50,0,4
BRDA:45,51,0,1
BRDA:45,52,0,3
BRDA:45,53,0,0
BRDA:45,54,0,1
BRDA:45,55,0,0
BRDA:15,56,0,1
BRDA:16,57,0,3
BRDA:24,58,0,4
BRDA:45,59,0,4
BRDA:45,60,0,17
BRDA:25,61,0,4
BRDA:45,62,0,4
BRDA:27,63,0,1
BRDA:29,64,0,3
BRDA:31,65,0,2
BRDA:31,66,0,1
BRDA:45,67,0,1
BRDA:35,68,0,3
BRDA:45,69,0,3
BRDA:45,70,0,3
BRF:71
BRH:51
end_of_record
